<?xml version="1.0" encoding="UTF-8"?>
<!-- Generated by org.testng.reporters.JUnitXMLReporter -->
<testsuite ignored="0" hostname="Reems-MacBook-Air.local" failures="0" tests="6" name="All Functionalities" time="102.92" errors="0" timestamp="2022-06-18T22:23:27 CDT">
  <testcase classname="scripts.CarvanaTest" name="testTitleAndURL" time="3.79"/>
  <testcase classname="scripts.CarvanaTest" name="testLogoDisplayed" time="3.695"/>
  <testcase classname="scripts.CarvanaTest" name="testMainNavItems" time="7.099"/>
  <testcase classname="scripts.CarvanaTest" name="testSignInErrorMessage" time="11.052"/>
  <testcase classname="scripts.CarvanaTest" name="testSearchCarsFilterOptions" time="14.288"/>
  <testcase classname="scripts.CarvanaTest" name="testSearchResultTiles" time="24.512"/>
</testsuite> <!-- All Functionalities -->
