<?xml version="1.0" encoding="UTF-8"?>
<testng-results ignored="0" total="6" passed="6" failed="0" skipped="0">
  <reporter-output>
  </reporter-output>
  <suite started-at="2022-06-18T22:21:39 CDT" name="Regression" finished-at="2022-06-18T22:23:22 CDT" duration-ms="102920">
    <groups>
    </groups>
    <test started-at="2022-06-18T22:21:39 CDT" name="All Functionalities" finished-at="2022-06-18T22:23:22 CDT" duration-ms="102920">
      <class name="scripts.CarvanaTest">
        <test-method is-config="true" signature="setup()[pri:0, instance:scripts.CarvanaTest@df27fae]" started-at="2022-06-18T22:21:39 CDT" name="setup" finished-at="2022-06-18T22:21:44 CDT" duration-ms="5058" status="PASS">
          <reporter-output>
          </reporter-output>
        </test-method> <!-- setup -->
        <test-method signature="testTitleAndURL()[pri:1, instance:scripts.CarvanaTest@df27fae]" started-at="2022-06-18T22:21:44 CDT" name="testTitleAndURL" description="Test Case 1: Validate Carvana home page title and url" finished-at="2022-06-18T22:21:48 CDT" duration-ms="3790" status="PASS">
          <reporter-output>
          </reporter-output>
        </test-method> <!-- testTitleAndURL -->
        <test-method is-config="true" signature="teardown()[pri:0, instance:scripts.CarvanaTest@df27fae]" started-at="2022-06-18T22:21:48 CDT" name="teardown" finished-at="2022-06-18T22:21:51 CDT" duration-ms="3549" status="PASS">
          <reporter-output>
          </reporter-output>
        </test-method> <!-- teardown -->
        <test-method is-config="true" signature="setup()[pri:0, instance:scripts.CarvanaTest@df27fae]" started-at="2022-06-18T22:21:51 CDT" name="setup" finished-at="2022-06-18T22:21:54 CDT" duration-ms="2403" status="PASS">
          <reporter-output>
          </reporter-output>
        </test-method> <!-- setup -->
        <test-method signature="testLogoDisplayed()[pri:2, instance:scripts.CarvanaTest@df27fae]" started-at="2022-06-18T22:21:54 CDT" name="testLogoDisplayed" description="Test Case 2: Validate the Carvana logo" finished-at="2022-06-18T22:21:58 CDT" duration-ms="3695" status="PASS">
          <reporter-output>
          </reporter-output>
        </test-method> <!-- testLogoDisplayed -->
        <test-method is-config="true" signature="teardown()[pri:0, instance:scripts.CarvanaTest@df27fae]" started-at="2022-06-18T22:21:58 CDT" name="teardown" finished-at="2022-06-18T22:22:01 CDT" duration-ms="3480" status="PASS">
          <reporter-output>
          </reporter-output>
        </test-method> <!-- teardown -->
        <test-method is-config="true" signature="setup()[pri:0, instance:scripts.CarvanaTest@df27fae]" started-at="2022-06-18T22:22:01 CDT" name="setup" finished-at="2022-06-18T22:22:03 CDT" duration-ms="2309" status="PASS">
          <reporter-output>
          </reporter-output>
        </test-method> <!-- setup -->
        <test-method signature="testMainNavItems()[pri:3, instance:scripts.CarvanaTest@df27fae]" started-at="2022-06-18T22:22:03 CDT" name="testMainNavItems" description="Test Case 3: Validate the main navigation section items" finished-at="2022-06-18T22:22:10 CDT" duration-ms="7099" status="PASS">
          <reporter-output>
          </reporter-output>
        </test-method> <!-- testMainNavItems -->
        <test-method is-config="true" signature="teardown()[pri:0, instance:scripts.CarvanaTest@df27fae]" started-at="2022-06-18T22:22:10 CDT" name="teardown" finished-at="2022-06-18T22:22:14 CDT" duration-ms="3527" status="PASS">
          <reporter-output>
          </reporter-output>
        </test-method> <!-- teardown -->
        <test-method is-config="true" signature="setup()[pri:0, instance:scripts.CarvanaTest@df27fae]" started-at="2022-06-18T22:22:14 CDT" name="setup" finished-at="2022-06-18T22:22:16 CDT" duration-ms="2306" status="PASS">
          <reporter-output>
          </reporter-output>
        </test-method> <!-- setup -->
        <test-method signature="testSignInErrorMessage()[pri:4, instance:scripts.CarvanaTest@df27fae]" started-at="2022-06-18T22:22:16 CDT" name="testSignInErrorMessage" description="Test Case 4: Validate the sign in error message" finished-at="2022-06-18T22:22:27 CDT" duration-ms="11052" status="PASS">
          <reporter-output>
          </reporter-output>
        </test-method> <!-- testSignInErrorMessage -->
        <test-method is-config="true" signature="teardown()[pri:0, instance:scripts.CarvanaTest@df27fae]" started-at="2022-06-18T22:22:27 CDT" name="teardown" finished-at="2022-06-18T22:22:31 CDT" duration-ms="3539" status="PASS">
          <reporter-output>
          </reporter-output>
        </test-method> <!-- teardown -->
        <test-method is-config="true" signature="setup()[pri:0, instance:scripts.CarvanaTest@df27fae]" started-at="2022-06-18T22:22:31 CDT" name="setup" finished-at="2022-06-18T22:22:33 CDT" duration-ms="2204" status="PASS">
          <reporter-output>
          </reporter-output>
        </test-method> <!-- setup -->
        <test-method signature="testSearchCarsFilterOptions()[pri:5, instance:scripts.CarvanaTest@df27fae]" started-at="2022-06-18T22:22:33 CDT" name="testSearchCarsFilterOptions" description="Test Case 5: Validate the search filter options and search button" finished-at="2022-06-18T22:22:47 CDT" duration-ms="14288" status="PASS">
          <reporter-output>
          </reporter-output>
        </test-method> <!-- testSearchCarsFilterOptions -->
        <test-method is-config="true" signature="teardown()[pri:0, instance:scripts.CarvanaTest@df27fae]" started-at="2022-06-18T22:22:47 CDT" name="teardown" finished-at="2022-06-18T22:22:51 CDT" duration-ms="3838" status="PASS">
          <reporter-output>
          </reporter-output>
        </test-method> <!-- teardown -->
        <test-method is-config="true" signature="setup()[pri:0, instance:scripts.CarvanaTest@df27fae]" started-at="2022-06-18T22:22:51 CDT" name="setup" finished-at="2022-06-18T22:22:54 CDT" duration-ms="2426" status="PASS">
          <reporter-output>
          </reporter-output>
        </test-method> <!-- setup -->
        <test-method signature="testSearchResultTiles()[pri:6, instance:scripts.CarvanaTest@df27fae]" started-at="2022-06-18T22:22:54 CDT" name="testSearchResultTiles" description="Test Case  6: Validate the search result tiles" finished-at="2022-06-18T22:23:18 CDT" duration-ms="24512" status="PASS">
          <reporter-output>
          </reporter-output>
        </test-method> <!-- testSearchResultTiles -->
        <test-method is-config="true" signature="teardown()[pri:0, instance:scripts.CarvanaTest@df27fae]" started-at="2022-06-18T22:23:18 CDT" name="teardown" finished-at="2022-06-18T22:23:22 CDT" duration-ms="3786" status="PASS">
          <reporter-output>
          </reporter-output>
        </test-method> <!-- teardown -->
      </class> <!-- scripts.CarvanaTest -->
    </test> <!-- All Functionalities -->
  </suite> <!-- Regression -->
</testng-results>
